[use.fontawesome.com/font-awesome.js]
[www.twosetescaperoom.com/images/apple-touch-icon6de69e97b1ec29210514.png]
[www.twosetescaperoom.com/images/favicon-32x32d1e1c29bcac845c836e1.png]
[www.twosetescaperoom.com/images/favicon-16x16d8101facfa71307594d6.png]
[backblue.gif]
[fade.gif]
[index.html]
[www.twosetescaperoom.com/images/safari-pinned-tab612e33411dc6f757238a.svg]
[d33wubrfki0l68.cloudfront.net/js/18b20b59033799bd34e2592153cbdb5f5ded75d7/main.js]
[d33wubrfki0l68.cloudfront.net/css/6449900ec52de1a252bb927b3236c845b89b54d8/main.57db156fd34a697daae1.css]
[www.twosetescaperoom.com/violin.html]
[d33wubrfki0l68.cloudfront.net/js/adc83b19e793491b1c6ea0fd8b46cd9f32e592fc/assets/js/site.js]
[www.twosetescaperoom.com/index.html]
[www.twosetescaperoom.com/images/safari-pinned-tab612e33411dc6f757238a.svg]
[d33wubrfki0l68.cloudfront.net/css/6f7de21ebb1fae97cd8134179448611232bac96c/dist/b88d04fba731603756b1.css]
[www.twosetescaperoom.com/piano.html]
[d33wubrfki0l68.cloudfront.net/images/a4892a64d511517e678fd399024a003108efde0c/welcome_blank720b5007e4b00befe9f0.png]
[d33wubrfki0l68.cloudfront.net/images/9c1b0e25e760c477015bae845a89830d90a82e16/violinistd0af39bf8bb2fd54a4cc.png]
[d33wubrfki0l68.cloudfront.net/images/cad2c0939e2d5e7720b4a4094de9d6db55466a2b/pianist_hover64c0d05cb4458de8e483.png]
[d33wubrfki0l68.cloudfront.net/images/03d1574f2e66539934de5eb63dca565cd2bea4a8/pianist24527a923a25fa952843.png]
[d33wubrfki0l68.cloudfront.net/images/3919c40d4272ca84a61b6a874461d1bd6db9f161/piano_endbg0d1016cf777876b91f48.png]
[d33wubrfki0l68.cloudfront.net/images/8f5e296359fbb31c55caab29d87b8cab1729277d/violin_endbge393c4132d549f4ab145.png]
[d33wubrfki0l68.cloudfront.net/images/c248e099f6d8d08511e4420118f86eadad9f7837/photobooth-036c4f041562060bd017a3.png]
[d33wubrfki0l68.cloudfront.net/images/2666d50e1f70c5c56020bad90d4b21a173e9c55d/rotate-screen2e92db01a91cae1c8efd9.png]
[d33wubrfki0l68.cloudfront.net/images/16f3770292207aec904884c16a01176c433a5a2c/escape-numpad0de6edf78a5205354cc2.png]
[d33wubrfki0l68.cloudfront.net/css/6449900ec52de1a252bb927b3236c845b89b54d8/main.57db156fd34a697daae1.css]
[d33wubrfki0l68.cloudfront.net/js/d08b950aaa1d2b6075efbf8dd690cd5ca21cdb05/violin.js]
[www.twosetescaperoom.com/images/beep 551568b2bf7ee65f77db5.mp3]
[www.twosetescaperoom.com/twoset-escape.18.delayed]
[www.twosetescaperoom.com/violin.html]
[d33wubrfki0l68.cloudfront.net/css/4bce3277a65237e33ff061d93434f0160ba7b1d0/violin.05e5e9672010341beb5e.css]
[d33wubrfki0l68.cloudfront.net/js/146dd6d007b72157e93838a9ceb041c747986c4a/piano.js]
[www.twosetescaperoom.com/piano.html]
[d33wubrfki0l68.cloudfront.net/css/4bce3277a65237e33ff061d93434f0160ba7b1d0/violin.05e5e9672010341beb5e.css]
[www.twosetescaperoom.com/twoset-escape.html]
[d33wubrfki0l68.cloudfront.net/images/351673e38415d05ff1a09db110b13c268ac20803/violinist_hoverc2d079c529d822671751.png]
[d33wubrfki0l68.cloudfront.net/css/e360864ae9fc930b69f77346fec016d7603ba9bc/piano.d6c9ed9f470959780fbc.css]
[d33wubrfki0l68.cloudfront.net/css/e360864ae9fc930b69f77346fec016d7603ba9bc/piano.d6c9ed9f470959780fbc.css]
